<?xml version="1.0" encoding="UTF-8"?>
<testsuite name="com.miguelloaiza.miformacionctma.ReglasActividadTest" tests="6" skipped="0" failures="0" errors="0" timestamp="2026-08-12T14:59:38.484Z" hostname="DESKTOP-6KSNMIT" time="0.038">
  <properties/>
  <testcase name="actividadConDiasNegativosDebeSerVencida" classname="com.miguelloaiza.miformacionctma.ReglasActividadTest" time="0.004"/>
  <testcase name="busquedaDebeIgnorarMayusculasYEspacios" classname="com.miguelloaiza.miformacionctma.ReglasActividadTest" time="0.024"/>
  <testcase name="tituloVacioDebeGenerarError" classname="com.miguelloaiza.miformacionctma.ReglasActividadTest" time="0.003"/>
  <testcase name="actividadCon100PorcientoDebeSerCompletadaAunqueEsteVencida" classname="com.miguelloaiza.miformacionctma.ReglasActividadTest" time="0.0"/>
  <testcase name="progresoMayorQue100DebeGenerarError" classname="com.miguelloaiza.miformacionctma.ReglasActividadTest" time="0.0"/>
  <testcase name="listaVaciaDebeDevolverPromedioCero" classname="com.miguelloaiza.miformacionctma.ReglasActividadTest" time="0.0"/>
  <system-out><![CDATA[]]></system-out>
  <system-err><![CDATA[]]></system-err>
</testsuite>
