<?xml version="1.0" encoding="UTF-8"?>
<testsuite name="com.miguelloaiza.miformacionctma.ReglasActividadTest" tests="7" skipped="0" failures="0" errors="0" timestamp="2026-08-12T15:09:25.637Z" hostname="DESKTOP-6KSNMIT" time="0.042">
  <properties/>
  <testcase name="actividadConDiasNegativosDebeSerVencida" classname="com.miguelloaiza.miformacionctma.ReglasActividadTest" time="0.005"/>
  <testcase name="busquedaDebeIgnorarMayusculasYEspacios" classname="com.miguelloaiza.miformacionctma.ReglasActividadTest" time="0.022"/>
  <testcase name="tituloVacioDebeGenerarError" classname="com.miguelloaiza.miformacionctma.ReglasActividadTest" time="0.004"/>
  <testcase name="actividadCon100PorcientoDebeSerCompletadaAunqueEsteVencida" classname="com.miguelloaiza.miformacionctma.ReglasActividadTest" time="0.0"/>
  <testcase name="progresoMayorQue100DebeGenerarError" classname="com.miguelloaiza.miformacionctma.ReglasActividadTest" time="0.0"/>
  <testcase name="ordenarActividadesDebePriorizarVencidasAltaYMenosDias" classname="com.miguelloaiza.miformacionctma.ReglasActividadTest" time="0.003"/>
  <testcase name="listaVaciaDebeDevolverPromedioCero" classname="com.miguelloaiza.miformacionctma.ReglasActividadTest" time="0.001"/>
  <system-out><![CDATA[]]></system-out>
  <system-err><![CDATA[]]></system-err>
</testsuite>
